Using pre-set license
Built from '2020.3/staging' branch; Version is '2020.3.46f1 (18bc01a066b4) revision 1620993'; Using compiler version '192528614'; Build Type 'Release'
OS: 'Windows 10  (10.0.19045) 64bit Professional' Language: 'uk' Physical Memory: 16271 MB
BatchMode: 1, IsHumanControllingUs: 0, StartBugReporterOnCrash: 0, Is64bit: 1, IsPro: 0

COMMAND LINE ARGUMENTS:
C:\Program Files\Unity\Hub\Editor\2020.3.46f1\Editor\Unity.exe
-adb2
-batchMode
-noUpm
-name
AssetImportWorker0
-projectPath
C:/C#/unity/Bridge
-logFile
Logs/AssetImportWorker0.log
-srvPort
61504
Successfully changed project path to: C:/C#/unity/Bridge
C:/C#/unity/Bridge
Using Asset Import Pipeline V2.
Player connection [6900] Host "[IP] 192.168.0.106 [Port] 1073959264 [Flags] 2 [Guid] 3905836692 [EditorId] 3905836692 [Version] 1048832 [Id] WindowsEditor(7,DESKTOP-4AKIMJ0) [Debug] 1 [PackageName] WindowsEditor [ProjectName] Editor" joined multi-casting on [225.0.0.222:54997]...

Player connection [6900] Host "[IP] 192.168.0.106 [Port] 1073959264 [Flags] 2 [Guid] 3905836692 [EditorId] 3905836692 [Version] 1048832 [Id] WindowsEditor(7,DESKTOP-4AKIMJ0) [Debug] 1 [PackageName] WindowsEditor [ProjectName] Editor" joined alternative multi-casting on [225.0.0.222:34997]...

Refreshing native plugins compatible for Editor in 64.47 ms, found 3 plugins.
Preloading 0 native plugins for Editor in 0.00 ms.
Initialize engine version: 2020.3.46f1 (18bc01a066b4)
[Subsystems] Discovering subsystems at path C:/Program Files/Unity/Hub/Editor/2020.3.46f1/Editor/Data/Resources/UnitySubsystems
[Subsystems] Discovering subsystems at path C:/C#/unity/Bridge/Assets
GfxDevice: creating device client; threaded=0
Direct3D:
    Version:  Direct3D 11.0 [level 11.1]
    Renderer: Intel(R) HD Graphics 520 (ID=0x1916)
    Vendor:   
    VRAM:     8135 MB
    Driver:   31.0.101.2111
Initialize mono
Mono path[0] = 'C:/Program Files/Unity/Hub/Editor/2020.3.46f1/Editor/Data/Managed'
Mono path[1] = 'C:/Program Files/Unity/Hub/Editor/2020.3.46f1/Editor/Data/MonoBleedingEdge/lib/mono/unityjit'
Mono config path = 'C:/Program Files/Unity/Hub/Editor/2020.3.46f1/Editor/Data/MonoBleedingEdge/etc'
Using monoOptions --debugger-agent=transport=dt_socket,embedding=1,server=y,suspend=n,address=127.0.0.1:56108
Begin MonoManager ReloadAssembly
Registering precompiled unity dll's ...
Register platform support module: C:/Program Files/Unity/Hub/Editor/2020.3.46f1/Editor/Data/PlaybackEngines/WebGLSupport/UnityEditor.WebGL.Extensions.dll
Register platform support module: C:/Program Files/Unity/Hub/Editor/2020.3.46f1/Editor/Data/PlaybackEngines/MacStandaloneSupport/UnityEditor.OSXStandalone.Extensions.dll
Register platform support module: C:/Program Files/Unity/Hub/Editor/2020.3.46f1/Editor/Data/PlaybackEngines/WindowsStandaloneSupport/UnityEditor.WindowsStandalone.Extensions.dll
Register platform support module: C:/Program Files/Unity/Hub/Editor/2020.3.46f1/Editor/Data/PlaybackEngines/LinuxStandaloneSupport/UnityEditor.LinuxStandalone.Extensions.dll
Register platform support module: C:/Program Files/Unity/Hub/Editor/2020.3.46f1/Editor/Data/PlaybackEngines/LuminSupport/UnityEditor.Lumin.Extensions.dll
Registered in 0.005502 seconds.
Native extension for Lumin target not found
Native extension for LinuxStandalone target not found
Native extension for WindowsStandalone target not found
Native extension for OSXStandalone target not found
Native extension for WebGL target not found
Refreshing native plugins compatible for Editor in 65.01 ms, found 3 plugins.
Preloading 0 native plugins for Editor in 0.00 ms.
Mono: successfully reloaded assembly
- Completed reload, in  0.958 seconds
Domain Reload Profiling:
	ReloadAssembly (959ms)
		BeginReloadAssembly (113ms)
			ExecutionOrderSort (0ms)
			DisableScriptedObjects (0ms)
			BackupInstance (0ms)
			ReleaseScriptingObjects (0ms)
			CreateAndSetChildDomain (1ms)
		EndReloadAssembly (738ms)
			LoadAssemblies (115ms)
			RebuildTransferFunctionScriptingTraits (0ms)
			SetupTypeCache (239ms)
			ReleaseScriptCaches (0ms)
			RebuildScriptCaches (46ms)
			SetupLoadedEditorAssemblies (306ms)
				LogAssemblyErrors (0ms)
				InitializePlatformSupportModulesInManaged (12ms)
				SetLoadedEditorAssemblies (0ms)
				RefreshPlugins (65ms)
				BeforeProcessingInitializeOnLoad (12ms)
				ProcessInitializeOnLoadAttributes (163ms)
				ProcessInitializeOnLoadMethodAttributes (53ms)
				AfterProcessingInitializeOnLoad (0ms)
				EditorAssembliesLoaded (0ms)
			ExecutionOrderSort2 (0ms)
			AwakeInstancesAfterBackupRestoration (0ms)
Platform modules already initialized, skipping
Registering precompiled user dll's ...
Registered in 0.005426 seconds.
Begin MonoManager ReloadAssembly
Native extension for Lumin target not found
Native extension for LinuxStandalone target not found
Native extension for WindowsStandalone target not found
Native extension for OSXStandalone target not found
Native extension for WebGL target not found
Refreshing native plugins compatible for Editor in 56.24 ms, found 3 plugins.
Preloading 0 native plugins for Editor in 0.00 ms.
Mono: successfully reloaded assembly
- Completed reload, in  1.634 seconds
Domain Reload Profiling:
	ReloadAssembly (1635ms)
		BeginReloadAssembly (213ms)
			ExecutionOrderSort (0ms)
			DisableScriptedObjects (7ms)
			BackupInstance (0ms)
			ReleaseScriptingObjects (0ms)
			CreateAndSetChildDomain (27ms)
		EndReloadAssembly (1334ms)
			LoadAssemblies (160ms)
			RebuildTransferFunctionScriptingTraits (0ms)
			SetupTypeCache (422ms)
			ReleaseScriptCaches (1ms)
			RebuildScriptCaches (67ms)
			SetupLoadedEditorAssemblies (555ms)
				LogAssemblyErrors (0ms)
				InitializePlatformSupportModulesInManaged (10ms)
				SetLoadedEditorAssemblies (0ms)
				RefreshPlugins (56ms)
				BeforeProcessingInitializeOnLoad (91ms)
				ProcessInitializeOnLoadAttributes (364ms)
				ProcessInitializeOnLoadMethodAttributes (25ms)
				AfterProcessingInitializeOnLoad (8ms)
				EditorAssembliesLoaded (0ms)
			ExecutionOrderSort2 (0ms)
			AwakeInstancesAfterBackupRestoration (2ms)
Platform modules already initialized, skipping
========================================================================
Worker process is ready to serve import requests
Launched and connected shader compiler UnityShaderCompiler.exe after 0.09 seconds
Refreshing native plugins compatible for Editor in 0.47 ms, found 3 plugins.
Preloading 0 native plugins for Editor in 0.00 ms.
Unloading 2015 Unused Serialized files (Serialized files now loaded: 0)
System memory in use before: 92.1 MB.
System memory in use after: 92.0 MB.

Unloading 31 unused Assets to reduce memory usage. Loaded Objects now: 2448.
Total: 3.972500 ms (FindLiveObjects: 0.198000 ms CreateObjectMapping: 0.122300 ms MarkObjects: 3.449400 ms  DeleteObjects: 0.201400 ms)

AssetImportParameters requested are different than current active one (requested -> active):
  custom:framework-win-MediaFoundation: 216162199b28c13a410421893ffa2e32 -> 
  custom:video-decoder-ogg-theora: a1e56fd34408186e4bbccfd4996cb3dc -> 
  custom:container-muxer-webm: aa71ff27fc2769a1b78a27578f13a17b -> 
  custom:container-demuxer-webm: 4f35f7cbe854078d1ac9338744f61a02 -> 
  custom:container-demuxer-ogg: 62fdf1f143b41e24485cea50d1cbac27 -> 
  custom:video-encoder-webm-vp8: eb34c28f22e8b96e1ab97ce403110664 -> 
  custom:video-decoder-webm-vp8: 9c59270c3fd7afecdb556c50c9e8de78 -> 
  custom:audio-decoder-ogg-vorbis: bf7c407c2cedff20999df2af8eb42d56 -> 
  custom:audio-encoder-webm-vorbis: bf7c407c2cedff20999df2af8eb42d56 -> 
========================================================================
Received Import Request.
  path: Assets/ProdjectDATA/Scenes/SettingScenes.unity
  artifactKey: Guid(aac0eff3d19fa4741b29ffb32c9ecf16) Importer(815301076,1909f56bfc062723c751e8b465ee728b)
Start importing Assets/ProdjectDATA/Scenes/SettingScenes.unity using Guid(aac0eff3d19fa4741b29ffb32c9ecf16) Importer(815301076,1909f56bfc062723c751e8b465ee728b)  -> (artifact id: '612eeffb30fff867ef73ffc418887d3d') in 0.012764 seconds 
========================================================================
Received Import Request.
  Time since last request: 103.323732 seconds.
  path: Assets/ProdjectDATA/Scenes/New Scene.unity
  artifactKey: Guid(e397006cbeddd834bb073b42ca11beeb) Importer(815301076,1909f56bfc062723c751e8b465ee728b)
Start importing Assets/ProdjectDATA/Scenes/New Scene.unity using Guid(e397006cbeddd834bb073b42ca11beeb) Importer(815301076,1909f56bfc062723c751e8b465ee728b)  -> (artifact id: 'bd8dc9e74efa8362e3e534efcedcd419') in 0.029389 seconds 
========================================================================
Received Import Request.
  Time since last request: 32.332359 seconds.
  path: Assets/ProdjectDATA/Scenes/UserScenes.unity
  artifactKey: Guid(e397006cbeddd834bb073b42ca11beeb) Importer(815301076,1909f56bfc062723c751e8b465ee728b)
Start importing Assets/ProdjectDATA/Scenes/UserScenes.unity using Guid(e397006cbeddd834bb073b42ca11beeb) Importer(815301076,1909f56bfc062723c751e8b465ee728b)  -> (artifact id: '3111c1e0c0788ac4a5d77463e0502eb2') in 0.012379 seconds 
========================================================================
Received Import Request.
  Time since last request: 126.121666 seconds.
  path: Assets/ProdjectDATA/Scenes/SelectGameScenes.unity
  artifactKey: Guid(82c431f5b90be11498c59c7bbc479321) Importer(815301076,1909f56bfc062723c751e8b465ee728b)
Start importing Assets/ProdjectDATA/Scenes/SelectGameScenes.unity using Guid(82c431f5b90be11498c59c7bbc479321) Importer(815301076,1909f56bfc062723c751e8b465ee728b)  -> (artifact id: '7f7c7bac34b68013c31d9190264fea49') in 0.013810 seconds 
========================================================================
Received Import Request.
  Time since last request: 58.707146 seconds.
  path: Assets/ProdjectDATA/Scenes/SingleScenes.unity
  artifactKey: Guid(26caaabeb1885a040ace377eb943130f) Importer(815301076,1909f56bfc062723c751e8b465ee728b)
Start importing Assets/ProdjectDATA/Scenes/SingleScenes.unity using Guid(26caaabeb1885a040ace377eb943130f) Importer(815301076,1909f56bfc062723c751e8b465ee728b)  -> (artifact id: '676b0823fe613f2d61be37907e4f6618') in 0.014497 seconds 
========================================================================
Received Import Request.
  Time since last request: 32.507176 seconds.
  path: Assets/ProdjectDATA/Scenes/SinglePlaeScenes.unity
  artifactKey: Guid(26caaabeb1885a040ace377eb943130f) Importer(815301076,1909f56bfc062723c751e8b465ee728b)
Start importing Assets/ProdjectDATA/Scenes/SinglePlaeScenes.unity using Guid(26caaabeb1885a040ace377eb943130f) Importer(815301076,1909f56bfc062723c751e8b465ee728b)  -> (artifact id: '782719901dc40099bc869c4497566c03') in 0.019557 seconds 
========================================================================
Received Import Request.
  Time since last request: 10.897742 seconds.
  path: Assets/ProdjectDATA/Scenes/SinglePlaerScenes.unity
  artifactKey: Guid(26caaabeb1885a040ace377eb943130f) Importer(815301076,1909f56bfc062723c751e8b465ee728b)
Start importing Assets/ProdjectDATA/Scenes/SinglePlaerScenes.unity using Guid(26caaabeb1885a040ace377eb943130f) Importer(815301076,1909f56bfc062723c751e8b465ee728b)  -> (artifact id: '2078946ca815a65c3d070440dad1534a') in 0.017668 seconds 
========================================================================
Received Import Request.
  Time since last request: 87.120034 seconds.
  path: Assets/ProdjectDATA/Scenes/Multu.unity
  artifactKey: Guid(ac3bfb8865be7394db0055d0f6b0dfbf) Importer(815301076,1909f56bfc062723c751e8b465ee728b)
Start importing Assets/ProdjectDATA/Scenes/Multu.unity using Guid(ac3bfb8865be7394db0055d0f6b0dfbf) Importer(815301076,1909f56bfc062723c751e8b465ee728b)  -> (artifact id: '1aad2f60a27ac21ccf0db7225399141e') in 0.014236 seconds 
========================================================================
Received Import Request.
  Time since last request: 19.777163 seconds.
  path: Assets/ProdjectDATA/Scenes/MultiPlaerScenes.unity
  artifactKey: Guid(ac3bfb8865be7394db0055d0f6b0dfbf) Importer(815301076,1909f56bfc062723c751e8b465ee728b)
Start importing Assets/ProdjectDATA/Scenes/MultiPlaerScenes.unity using Guid(ac3bfb8865be7394db0055d0f6b0dfbf) Importer(815301076,1909f56bfc062723c751e8b465ee728b)  -> (artifact id: '019b8de5e27fb615d559ee715cfdf743') in 0.012414 seconds 
========================================================================
Received Import Request.
  Time since last request: 61.679782 seconds.
  path: Assets/ProdjectDATA/Scenes/Lochal.unity
  artifactKey: Guid(26cf5d0f710bbf94e8dcac86802420ae) Importer(815301076,1909f56bfc062723c751e8b465ee728b)
Start importing Assets/ProdjectDATA/Scenes/Lochal.unity using Guid(26cf5d0f710bbf94e8dcac86802420ae) Importer(815301076,1909f56bfc062723c751e8b465ee728b)  -> (artifact id: '7117e4f861144c629fa5bd0a708f17f4') in 0.016629 seconds 
========================================================================
Received Import Request.
  Time since last request: 17.819443 seconds.
  path: Assets/ProdjectDATA/Scenes/LochalGameScenes.unity
  artifactKey: Guid(26cf5d0f710bbf94e8dcac86802420ae) Importer(815301076,1909f56bfc062723c751e8b465ee728b)
Start importing Assets/ProdjectDATA/Scenes/LochalGameScenes.unity using Guid(26cf5d0f710bbf94e8dcac86802420ae) Importer(815301076,1909f56bfc062723c751e8b465ee728b)  -> (artifact id: 'f744f0b2a24d148e1a6dd5e0aa96c491') in 0.011378 seconds 
AssetImportWorkerClient::OnTransportError - code=2 error=End of file
